[12:48:34.341] [DBG] [DRV_RES] Ptr=0x900000000 Size=17179869184 Reserved
[12:48:34.341] [INF] [INIT] Ptr=0x900000000 Size=17179869184 VA Pool Reserved
[12:48:34.341] [DBG] [ALLOC_START] Ptr=0x900000000 Size=67108864 Retry=0
[12:48:34.344] [DBG] [DRV_CREATE_PA] Ptr=0 Size=67108864 Handle=0x5574429e3240
[12:48:34.344] [DBG] [DRV_MAP] Ptr=0x900000000 Size=67108864 Handle=0x5574429e3240
[12:48:34.345] [INF] [ALLOC] Ptr=0x900000000 Size=67108864 PA=67108864 Frags=1
[12:48:34.345] [DBG] [ALLOC_START] Ptr=0x904000000 Size=67108864 Retry=0
[12:48:34.346] [DBG] [DRV_CREATE_PA] Ptr=0 Size=67108864 Handle=0x557442be76d0
[12:48:34.346] [DBG] [DRV_MAP] Ptr=0x904000000 Size=67108864 Handle=0x557442be76d0
[12:48:34.346] [INF] [ALLOC] Ptr=0x904000000 Size=67108864 PA=67108864 Frags=1
[12:48:34.352] [DBG] [ALLOC_START] Ptr=0x908000000 Size=67108864 Retry=0
[12:48:34.353] [DBG] [DRV_CREATE_PA] Ptr=0 Size=67108864 Handle=0x557442be8810
[12:48:34.354] [DBG] [DRV_MAP] Ptr=0x908000000 Size=67108864 Handle=0x557442be8810
[12:48:34.354] [INF] [ALLOC] Ptr=0x908000000 Size=67108864 PA=67108864 Frags=1
[12:48:34.354] [DBG] [ALLOC_START] Ptr=0x90c000000 Size=67108864 Retry=0
[12:48:34.354] [DBG] [DRV_CREATE_PA] Ptr=0 Size=67108864 Handle=0x557442be9950
[12:48:34.355] [DBG] [DRV_MAP] Ptr=0x90c000000 Size=67108864 Handle=0x557442be9950
[12:48:34.356] [INF] [ALLOC] Ptr=0x90c000000 Size=67108864 PA=67108864 Frags=1
[12:48:34.356] [DBG] [ALLOC_START] Ptr=0x910000000 Size=67108864 Retry=0
[12:48:34.357] [DBG] [DRV_CREATE_PA] Ptr=0 Size=67108864 Handle=0x557442beaa90
[12:48:34.357] [DBG] [DRV_MAP] Ptr=0x910000000 Size=67108864 Handle=0x557442beaa90
[12:48:34.357] [INF] [ALLOC] Ptr=0x910000000 Size=67108864 PA=67108864 Frags=1
[12:48:34.358] [DBG] [ALLOC_START] Ptr=0x914000000 Size=67108864 Retry=0
[12:48:34.358] [DBG] [DRV_CREATE_PA] Ptr=0 Size=67108864 Handle=0x557442bebbd0
[12:48:34.359] [DBG] [DRV_MAP] Ptr=0x914000000 Size=67108864 Handle=0x557442bebbd0
[12:48:34.359] [INF] [ALLOC] Ptr=0x914000000 Size=67108864 PA=67108864 Frags=1
[12:48:34.359] [DBG] [ALLOC_START] Ptr=0x918000000 Size=67108864 Retry=0
[12:48:34.360] [DBG] [DRV_CREATE_PA] Ptr=0 Size=67108864 Handle=0x557442becd10
[12:48:34.360] [DBG] [DRV_MAP] Ptr=0x918000000 Size=67108864 Handle=0x557442becd10
[12:48:34.360] [INF] [ALLOC] Ptr=0x918000000 Size=67108864 PA=67108864 Frags=1
[12:48:34.360] [DBG] [ALLOC_START] Ptr=0x91c000000 Size=67108864 Retry=0
[12:48:34.361] [DBG] [DRV_CREATE_PA] Ptr=0 Size=67108864 Handle=0x557442bede50
[12:48:34.362] [DBG] [DRV_MAP] Ptr=0x91c000000 Size=67108864 Handle=0x557442bede50
[12:48:34.363] [INF] [ALLOC] Ptr=0x91c000000 Size=67108864 PA=67108864 Frags=1
[12:48:34.364] [DBG] [ALLOC_START] Ptr=0x920000000 Size=67108864 Retry=0
[12:48:34.364] [DBG] [DRV_CREATE_PA] Ptr=0 Size=67108864 Handle=0x557442beef90
[12:48:34.364] [DBG] [DRV_MAP] Ptr=0x920000000 Size=67108864 Handle=0x557442beef90
[12:48:34.365] [INF] [ALLOC] Ptr=0x920000000 Size=67108864 PA=67108864 Frags=1
[12:48:34.365] [DBG] [ALLOC_START] Ptr=0x924000000 Size=67108864 Retry=0
[12:48:34.365] [DBG] [DRV_CREATE_PA] Ptr=0 Size=67108864 Handle=0x557442bf00d0
[12:48:34.366] [DBG] [DRV_MAP] Ptr=0x924000000 Size=67108864 Handle=0x557442bf00d0
[12:48:34.366] [INF] [ALLOC] Ptr=0x924000000 Size=67108864 PA=67108864 Frags=1
[12:48:34.366] [DBG] [ALLOC_START] Ptr=0x928000000 Size=67108864 Retry=0
[12:48:34.367] [DBG] [DRV_CREATE_PA] Ptr=0 Size=67108864 Handle=0x557442bf1210
[12:48:34.367] [DBG] [DRV_MAP] Ptr=0x928000000 Size=67108864 Handle=0x557442bf1210
[12:48:34.368] [INF] [ALLOC] Ptr=0x928000000 Size=67108864 PA=67108864 Frags=1
[12:48:34.368] [DBG] [ALLOC_START] Ptr=0x92c000000 Size=67108864 Retry=0
[12:48:34.369] [DBG] [DRV_CREATE_PA] Ptr=0 Size=67108864 Handle=0x557442bf2350
[12:48:34.369] [DBG] [DRV_MAP] Ptr=0x92c000000 Size=67108864 Handle=0x557442bf2350
[12:48:34.369] [INF] [ALLOC] Ptr=0x92c000000 Size=67108864 PA=67108864 Frags=1
[12:48:34.370] [DBG] [ALLOC_START] Ptr=0x930000000 Size=67108864 Retry=0
[12:48:34.370] [DBG] [DRV_CREATE_PA] Ptr=0 Size=67108864 Handle=0x557442bf3490
[12:48:34.371] [DBG] [DRV_MAP] Ptr=0x930000000 Size=67108864 Handle=0x557442bf3490
[12:48:34.371] [INF] [ALLOC] Ptr=0x930000000 Size=67108864 PA=67108864 Frags=1
[12:48:34.371] [DBG] [ALLOC_START] Ptr=0x934000000 Size=67108864 Retry=0
[12:48:34.372] [DBG] [DRV_CREATE_PA] Ptr=0 Size=67108864 Handle=0x557442bf45d0
[12:48:34.372] [DBG] [DRV_MAP] Ptr=0x934000000 Size=67108864 Handle=0x557442bf45d0
[12:48:34.373] [INF] [ALLOC] Ptr=0x934000000 Size=67108864 PA=67108864 Frags=1
[12:48:34.373] [DBG] [ALLOC_START] Ptr=0x938000000 Size=67108864 Retry=0
[12:48:34.373] [DBG] [DRV_CREATE_PA] Ptr=0 Size=67108864 Handle=0x557442bf5800
[12:48:34.374] [DBG] [DRV_MAP] Ptr=0x938000000 Size=67108864 Handle=0x557442bf5800
[12:48:34.374] [INF] [ALLOC] Ptr=0x938000000 Size=67108864 PA=67108864 Frags=1
[12:48:34.375] [DBG] [ALLOC_START] Ptr=0x93c000000 Size=67108864 Retry=0
[12:48:34.376] [DBG] [DRV_CREATE_PA] Ptr=0 Size=67108864 Handle=0x557442bf6940
[12:48:34.376] [DBG] [DRV_MAP] Ptr=0x93c000000 Size=67108864 Handle=0x557442bf6940
[12:48:34.377] [INF] [ALLOC] Ptr=0x93c000000 Size=67108864 PA=67108864 Frags=1
[12:48:34.377] [DBG] [ALLOC_START] Ptr=0x940000000 Size=67108864 Retry=0
[12:48:34.378] [DBG] [DRV_CREATE_PA] Ptr=0 Size=67108864 Handle=0x557442bf7a80
[12:48:34.378] [DBG] [DRV_MAP] Ptr=0x940000000 Size=67108864 Handle=0x557442bf7a80
[12:48:34.378] [INF] [ALLOC] Ptr=0x940000000 Size=67108864 PA=67108864 Frags=1
[12:48:34.378] [DBG] [ALLOC_START] Ptr=0x944000000 Size=67108864 Retry=0
[12:48:34.379] [DBG] [DRV_CREATE_PA] Ptr=0 Size=67108864 Handle=0x557442bf8bc0
[12:48:34.379] [DBG] [DRV_MAP] Ptr=0x944000000 Size=67108864 Handle=0x557442bf8bc0
[12:48:34.379] [INF] [ALLOC] Ptr=0x944000000 Size=67108864 PA=67108864 Frags=1
[12:48:34.379] [DBG] [ALLOC_START] Ptr=0x948000000 Size=67108864 Retry=0
[12:48:34.380] [DBG] [DRV_CREATE_PA] Ptr=0 Size=67108864 Handle=0x557442bf9d00
[12:48:34.380] [DBG] [DRV_MAP] Ptr=0x948000000 Size=67108864 Handle=0x557442bf9d00
[12:48:34.381] [INF] [ALLOC] Ptr=0x948000000 Size=67108864 PA=67108864 Frags=1
[12:48:34.381] [DBG] [ALLOC_START] Ptr=0x94c000000 Size=67108864 Retry=0
[12:48:34.382] [DBG] [DRV_CREATE_PA] Ptr=0 Size=67108864 Handle=0x557442bfae40
[12:48:34.382] [DBG] [DRV_MAP] Ptr=0x94c000000 Size=67108864 Handle=0x557442bfae40
[12:48:34.383] [INF] [ALLOC] Ptr=0x94c000000 Size=67108864 PA=67108864 Frags=1
[12:48:34.383] [DBG] [ALLOC_START] Ptr=0x950000000 Size=67108864 Retry=0
[12:48:34.383] [DBG] [DRV_CREATE_PA] Ptr=0 Size=67108864 Handle=0x557442bfbf80
[12:48:34.384] [DBG] [DRV_MAP] Ptr=0x950000000 Size=67108864 Handle=0x557442bfbf80
[12:48:34.385] [INF] [ALLOC] Ptr=0x950000000 Size=67108864 PA=67108864 Frags=1
[12:48:34.385] [DBG] [ALLOC_START] Ptr=0x954000000 Size=67108864 Retry=0
[12:48:34.386] [DBG] [DRV_CREATE_PA] Ptr=0 Size=67108864 Handle=0x557442bfd0c0
[12:48:34.386] [DBG] [DRV_MAP] Ptr=0x954000000 Size=67108864 Handle=0x557442bfd0c0
[12:48:34.387] [INF] [ALLOC] Ptr=0x954000000 Size=67108864 PA=67108864 Frags=1
[12:48:34.387] [DBG] [ALLOC_START] Ptr=0x958000000 Size=67108864 Retry=0
[12:48:34.388] [DBG] [DRV_CREATE_PA] Ptr=0 Size=67108864 Handle=0x557442bfe200
[12:48:34.389] [DBG] [DRV_MAP] Ptr=0x958000000 Size=67108864 Handle=0x557442bfe200
[12:48:34.389] [INF] [ALLOC] Ptr=0x958000000 Size=67108864 PA=67108864 Frags=1
[12:48:34.389] [DBG] [ALLOC_START] Ptr=0x95c000000 Size=67108864 Retry=0
[12:48:34.390] [DBG] [DRV_CREATE_PA] Ptr=0 Size=67108864 Handle=0x557442bff340
[12:48:34.390] [DBG] [DRV_MAP] Ptr=0x95c000000 Size=67108864 Handle=0x557442bff340
[12:48:34.390] [INF] [ALLOC] Ptr=0x95c000000 Size=67108864 PA=67108864 Frags=1
[12:48:34.391] [DBG] [ALLOC_START] Ptr=0x960000000 Size=67108864 Retry=0
[12:48:34.391] [DBG] [DRV_CREATE_PA] Ptr=0 Size=67108864 Handle=0x557442c00480
[12:48:34.392] [DBG] [DRV_MAP] Ptr=0x960000000 Size=67108864 Handle=0x557442c00480
[12:48:34.392] [INF] [ALLOC] Ptr=0x960000000 Size=67108864 PA=67108864 Frags=1
[12:48:34.393] [DBG] [ALLOC_START] Ptr=0x964000000 Size=67108864 Retry=0
[12:48:34.394] [DBG] [DRV_CREATE_PA] Ptr=0 Size=67108864 Handle=0x557442c015c0
[12:48:34.395] [DBG] [DRV_MAP] Ptr=0x964000000 Size=67108864 Handle=0x557442c015c0
[12:48:34.395] [INF] [ALLOC] Ptr=0x964000000 Size=67108864 PA=67108864 Frags=1
[12:48:34.396] [DBG] [ALLOC_START] Ptr=0x968000000 Size=67108864 Retry=0
[12:48:34.396] [DBG] [DRV_CREATE_PA] Ptr=0 Size=67108864 Handle=0x557442c02700
[12:48:34.397] [DBG] [DRV_MAP] Ptr=0x968000000 Size=67108864 Handle=0x557442c02700
[12:48:34.397] [INF] [ALLOC] Ptr=0x968000000 Size=67108864 PA=67108864 Frags=1
[12:48:34.397] [DBG] [ALLOC_START] Ptr=0x96c000000 Size=67108864 Retry=0
[12:48:34.398] [DBG] [DRV_CREATE_PA] Ptr=0 Size=67108864 Handle=0x557442c03840
[12:48:34.398] [DBG] [DRV_MAP] Ptr=0x96c000000 Size=67108864 Handle=0x557442c03840
[12:48:34.398] [INF] [ALLOC] Ptr=0x96c000000 Size=67108864 PA=67108864 Frags=1
[12:48:34.398] [DBG] [ALLOC_START] Ptr=0x970000000 Size=67108864 Retry=0
[12:48:34.399] [DBG] [DRV_CREATE_PA] Ptr=0 Size=67108864 Handle=0x557442c04980
[12:48:34.399] [DBG] [DRV_MAP] Ptr=0x970000000 Size=67108864 Handle=0x557442c04980
[12:48:34.400] [INF] [ALLOC] Ptr=0x970000000 Size=67108864 PA=67108864 Frags=1
[12:48:34.400] [DBG] [ALLOC_START] Ptr=0x974000000 Size=67108864 Retry=0
[12:48:34.401] [DBG] [DRV_CREATE_PA] Ptr=0 Size=67108864 Handle=0x557442c05ac0
[12:48:34.401] [DBG] [DRV_MAP] Ptr=0x974000000 Size=67108864 Handle=0x557442c05ac0
[12:48:34.402] [INF] [ALLOC] Ptr=0x974000000 Size=67108864 PA=67108864 Frags=1
[12:48:34.402] [DBG] [ALLOC_START] Ptr=0x978000000 Size=67108864 Retry=0
[12:48:34.402] [DBG] [DRV_CREATE_PA] Ptr=0 Size=67108864 Handle=0x557442c06de0
[12:48:34.403] [DBG] [DRV_MAP] Ptr=0x978000000 Size=67108864 Handle=0x557442c06de0
[12:48:34.403] [INF] [ALLOC] Ptr=0x978000000 Size=67108864 PA=67108864 Frags=1
[12:48:34.403] [DBG] [ALLOC_START] Ptr=0x97c000000 Size=67108864 Retry=0
[12:48:34.404] [DBG] [DRV_CREATE_PA] Ptr=0 Size=67108864 Handle=0x557442c07f20
[12:48:34.405] [DBG] [DRV_MAP] Ptr=0x97c000000 Size=67108864 Handle=0x557442c07f20
[12:48:34.405] [INF] [ALLOC] Ptr=0x97c000000 Size=67108864 PA=67108864 Frags=1
[12:48:34.405] [DBG] [ALLOC_START] Ptr=0x980000000 Size=67108864 Retry=0
[12:48:34.406] [DBG] [DRV_CREATE_PA] Ptr=0 Size=67108864 Handle=0x557442c09060
[12:48:34.407] [DBG] [DRV_MAP] Ptr=0x980000000 Size=67108864 Handle=0x557442c09060
[12:48:34.407] [INF] [ALLOC] Ptr=0x980000000 Size=67108864 PA=67108864 Frags=1
[12:48:34.407] [DBG] [ALLOC_START] Ptr=0x984000000 Size=67108864 Retry=0
[12:48:34.408] [DBG] [DRV_CREATE_PA] Ptr=0 Size=67108864 Handle=0x557442c0a1a0
[12:48:34.408] [DBG] [DRV_MAP] Ptr=0x984000000 Size=67108864 Handle=0x557442c0a1a0
[12:48:34.408] [INF] [ALLOC] Ptr=0x984000000 Size=67108864 PA=67108864 Frags=1
[12:48:34.408] [DBG] [ALLOC_START] Ptr=0x988000000 Size=67108864 Retry=0
[12:48:34.409] [DBG] [DRV_CREATE_PA] Ptr=0 Size=67108864 Handle=0x557442c0b2e0
[12:48:34.409] [DBG] [DRV_MAP] Ptr=0x988000000 Size=67108864 Handle=0x557442c0b2e0
[12:48:34.409] [INF] [ALLOC] Ptr=0x988000000 Size=67108864 PA=67108864 Frags=1
[12:48:34.410] [DBG] [ALLOC_START] Ptr=0x98c000000 Size=67108864 Retry=0
[12:48:34.411] [DBG] [DRV_CREATE_PA] Ptr=0 Size=67108864 Handle=0x557442c0c420
[12:48:34.411] [DBG] [DRV_MAP] Ptr=0x98c000000 Size=67108864 Handle=0x557442c0c420
[12:48:34.411] [INF] [ALLOC] Ptr=0x98c000000 Size=67108864 PA=67108864 Frags=1
[12:48:34.411] [DBG] [ALLOC_START] Ptr=0x990000000 Size=67108864 Retry=0
[12:48:34.412] [DBG] [DRV_CREATE_PA] Ptr=0 Size=67108864 Handle=0x557442c0d560
[12:48:34.412] [DBG] [DRV_MAP] Ptr=0x990000000 Size=67108864 Handle=0x557442c0d560
[12:48:34.413] [INF] [ALLOC] Ptr=0x990000000 Size=67108864 PA=67108864 Frags=1
[12:48:34.413] [DBG] [ALLOC_START] Ptr=0x994000000 Size=67108864 Retry=0
[12:48:34.414] [DBG] [DRV_CREATE_PA] Ptr=0 Size=67108864 Handle=0x557442c0e6a0
[12:48:34.414] [DBG] [DRV_MAP] Ptr=0x994000000 Size=67108864 Handle=0x557442c0e6a0
[12:48:34.414] [INF] [ALLOC] Ptr=0x994000000 Size=67108864 PA=67108864 Frags=1
[12:48:34.415] [DBG] [ALLOC_START] Ptr=0x998000000 Size=67108864 Retry=0
[12:48:34.415] [DBG] [DRV_CREATE_PA] Ptr=0 Size=67108864 Handle=0x557442c0f7e0
[12:48:34.416] [DBG] [DRV_MAP] Ptr=0x998000000 Size=67108864 Handle=0x557442c0f7e0
[12:48:34.416] [INF] [ALLOC] Ptr=0x998000000 Size=67108864 PA=67108864 Frags=1
[12:48:34.416] [DBG] [ALLOC_START] Ptr=0x99c000000 Size=67108864 Retry=0
[12:48:34.417] [DBG] [DRV_CREATE_PA] Ptr=0 Size=67108864 Handle=0x557442c10920
[12:48:34.417] [DBG] [DRV_MAP] Ptr=0x99c000000 Size=67108864 Handle=0x557442c10920
[12:48:34.417] [INF] [ALLOC] Ptr=0x99c000000 Size=67108864 PA=67108864 Frags=1
[12:48:34.418] [DBG] [ALLOC_START] Ptr=0x9a0000000 Size=67108864 Retry=0
[12:48:34.418] [DBG] [DRV_CREATE_PA] Ptr=0 Size=67108864 Handle=0x557442c11a60
[12:48:34.419] [DBG] [DRV_MAP] Ptr=0x9a0000000 Size=67108864 Handle=0x557442c11a60
[12:48:34.420] [INF] [ALLOC] Ptr=0x9a0000000 Size=67108864 PA=67108864 Frags=1
[12:48:34.420] [DBG] [ALLOC_START] Ptr=0x9a4000000 Size=67108864 Retry=0
[12:48:34.421] [DBG] [DRV_CREATE_PA] Ptr=0 Size=67108864 Handle=0x557442c12ba0
[12:48:34.421] [DBG] [DRV_MAP] Ptr=0x9a4000000 Size=67108864 Handle=0x557442c12ba0
[12:48:34.421] [INF] [ALLOC] Ptr=0x9a4000000 Size=67108864 PA=67108864 Frags=1
[12:48:34.421] [DBG] [ALLOC_START] Ptr=0x9a8000000 Size=67108864 Retry=0
[12:48:34.422] [DBG] [DRV_CREATE_PA] Ptr=0 Size=67108864 Handle=0x557442c13ce0
[12:48:34.422] [DBG] [DRV_MAP] Ptr=0x9a8000000 Size=67108864 Handle=0x557442c13ce0
[12:48:34.423] [INF] [ALLOC] Ptr=0x9a8000000 Size=67108864 PA=67108864 Frags=1
[12:48:34.423] [DBG] [ALLOC_START] Ptr=0x9ac000000 Size=67108864 Retry=0
[12:48:34.424] [DBG] [DRV_CREATE_PA] Ptr=0 Size=67108864 Handle=0x557442c14e20
[12:48:34.424] [DBG] [DRV_MAP] Ptr=0x9ac000000 Size=67108864 Handle=0x557442c14e20
[12:48:34.424] [INF] [ALLOC] Ptr=0x9ac000000 Size=67108864 PA=67108864 Frags=1
[12:48:34.424] [DBG] [ALLOC_START] Ptr=0x9b0000000 Size=67108864 Retry=0
[12:48:34.425] [DBG] [DRV_CREATE_PA] Ptr=0 Size=67108864 Handle=0x557442c15f60
[12:48:34.425] [DBG] [DRV_MAP] Ptr=0x9b0000000 Size=67108864 Handle=0x557442c15f60
[12:48:34.426] [INF] [ALLOC] Ptr=0x9b0000000 Size=67108864 PA=67108864 Frags=1
[12:48:34.426] [DBG] [ALLOC_START] Ptr=0x9b4000000 Size=67108864 Retry=0
[12:48:34.427] [DBG] [DRV_CREATE_PA] Ptr=0 Size=67108864 Handle=0x557442c170a0
[12:48:34.427] [DBG] [DRV_MAP] Ptr=0x9b4000000 Size=67108864 Handle=0x557442c170a0
[12:48:34.428] [INF] [ALLOC] Ptr=0x9b4000000 Size=67108864 PA=67108864 Frags=1
[12:48:34.428] [DBG] [ALLOC_START] Ptr=0x9b8000000 Size=67108864 Retry=0
[12:48:34.428] [DBG] [DRV_CREATE_PA] Ptr=0 Size=67108864 Handle=0x557442c181e0
[12:48:34.429] [DBG] [DRV_MAP] Ptr=0x9b8000000 Size=67108864 Handle=0x557442c181e0
[12:48:34.429] [INF] [ALLOC] Ptr=0x9b8000000 Size=67108864 PA=67108864 Frags=1
[12:48:34.429] [DBG] [ALLOC_START] Ptr=0x9bc000000 Size=67108864 Retry=0
[12:48:34.430] [DBG] [DRV_CREATE_PA] Ptr=0 Size=67108864 Handle=0x557442c19320
[12:48:34.431] [DBG] [DRV_MAP] Ptr=0x9bc000000 Size=67108864 Handle=0x557442c19320
[12:48:34.431] [INF] [ALLOC] Ptr=0x9bc000000 Size=67108864 PA=67108864 Frags=1
[12:48:34.432] [DBG] [ALLOC_START] Ptr=0x9c0000000 Size=67108864 Retry=0
[12:48:34.432] [DBG] [DRV_CREATE_PA] Ptr=0 Size=67108864 Handle=0x557442c1a460
[12:48:34.433] [DBG] [DRV_MAP] Ptr=0x9c0000000 Size=67108864 Handle=0x557442c1a460
[12:48:34.433] [INF] [ALLOC] Ptr=0x9c0000000 Size=67108864 PA=67108864 Frags=1
[12:48:34.433] [DBG] [ALLOC_START] Ptr=0x9c4000000 Size=67108864 Retry=0
[12:48:34.434] [DBG] [DRV_CREATE_PA] Ptr=0 Size=67108864 Handle=0x557442c1b5a0
[12:48:34.434] [DBG] [DRV_MAP] Ptr=0x9c4000000 Size=67108864 Handle=0x557442c1b5a0
[12:48:34.435] [INF] [ALLOC] Ptr=0x9c4000000 Size=67108864 PA=67108864 Frags=1
[12:48:34.435] [DBG] [ALLOC_START] Ptr=0x9c8000000 Size=67108864 Retry=0
[12:48:34.436] [DBG] [DRV_CREATE_PA] Ptr=0 Size=67108864 Handle=0x557442c1c6e0
[12:48:34.436] [DBG] [DRV_MAP] Ptr=0x9c8000000 Size=67108864 Handle=0x557442c1c6e0
[12:48:34.437] [INF] [ALLOC] Ptr=0x9c8000000 Size=67108864 PA=67108864 Frags=1
[12:48:34.437] [DBG] [ALLOC_START] Ptr=0x9cc000000 Size=67108864 Retry=0
[12:48:34.438] [DBG] [DRV_CREATE_PA] Ptr=0 Size=67108864 Handle=0x557442c1d820
[12:48:34.439] [DBG] [DRV_MAP] Ptr=0x9cc000000 Size=67108864 Handle=0x557442c1d820
[12:48:34.444] [INF] [ALLOC] Ptr=0x9cc000000 Size=67108864 PA=67108864 Frags=1
[12:48:34.444] [DBG] [ALLOC_START] Ptr=0x9d0000000 Size=67108864 Retry=0
[12:48:34.445] [DBG] [DRV_CREATE_PA] Ptr=0 Size=67108864 Handle=0x557442c1e960
[12:48:34.445] [DBG] [DRV_MAP] Ptr=0x9d0000000 Size=67108864 Handle=0x557442c1e960
[12:48:34.446] [INF] [ALLOC] Ptr=0x9d0000000 Size=67108864 PA=67108864 Frags=1
[12:48:34.446] [DBG] [ALLOC_START] Ptr=0x9d4000000 Size=67108864 Retry=0
[12:48:34.446] [DBG] [DRV_CREATE_PA] Ptr=0 Size=67108864 Handle=0x557442c1faa0
[12:48:34.447] [DBG] [DRV_MAP] Ptr=0x9d4000000 Size=67108864 Handle=0x557442c1faa0
[12:48:34.447] [INF] [ALLOC] Ptr=0x9d4000000 Size=67108864 PA=67108864 Frags=1
[12:48:34.447] [DBG] [ALLOC_START] Ptr=0x9d8000000 Size=67108864 Retry=0
[12:48:34.448] [DBG] [DRV_CREATE_PA] Ptr=0 Size=67108864 Handle=0x557442c20be0
[12:48:34.448] [DBG] [DRV_MAP] Ptr=0x9d8000000 Size=67108864 Handle=0x557442c20be0
[12:48:34.449] [INF] [ALLOC] Ptr=0x9d8000000 Size=67108864 PA=67108864 Frags=1
[12:48:34.449] [DBG] [ALLOC_START] Ptr=0x9dc000000 Size=67108864 Retry=0
[12:48:34.449] [DBG] [DRV_CREATE_PA] Ptr=0 Size=67108864 Handle=0x557442c21d20
[12:48:34.449] [DBG] [DRV_MAP] Ptr=0x9dc000000 Size=67108864 Handle=0x557442c21d20
[12:48:34.450] [INF] [ALLOC] Ptr=0x9dc000000 Size=67108864 PA=67108864 Frags=1
[12:48:34.450] [DBG] [ALLOC_START] Ptr=0x9e0000000 Size=67108864 Retry=0
[12:48:34.450] [DBG] [DRV_CREATE_PA] Ptr=0 Size=67108864 Handle=0x557442c22e60
[12:48:34.451] [DBG] [DRV_MAP] Ptr=0x9e0000000 Size=67108864 Handle=0x557442c22e60
[12:48:34.451] [INF] [ALLOC] Ptr=0x9e0000000 Size=67108864 PA=67108864 Frags=1
[12:48:34.451] [DBG] [ALLOC_START] Ptr=0x9e4000000 Size=67108864 Retry=0
[12:48:34.452] [DBG] [DRV_CREATE_PA] Ptr=0 Size=67108864 Handle=0x557442c23fa0
[12:48:34.453] [DBG] [DRV_MAP] Ptr=0x9e4000000 Size=67108864 Handle=0x557442c23fa0
[12:48:34.453] [INF] [ALLOC] Ptr=0x9e4000000 Size=67108864 PA=67108864 Frags=1
[12:48:34.453] [DBG] [ALLOC_START] Ptr=0x9e8000000 Size=67108864 Retry=0
[12:48:34.454] [DBG] [DRV_CREATE_PA] Ptr=0 Size=67108864 Handle=0x557442c250e0
[12:48:34.454] [DBG] [DRV_MAP] Ptr=0x9e8000000 Size=67108864 Handle=0x557442c250e0
[12:48:34.454] [INF] [ALLOC] Ptr=0x9e8000000 Size=67108864 PA=67108864 Frags=1
[12:48:34.455] [DBG] [ALLOC_START] Ptr=0x9ec000000 Size=67108864 Retry=0
[12:48:34.455] [DBG] [DRV_CREATE_PA] Ptr=0 Size=67108864 Handle=0x557442c26220
[12:48:34.456] [DBG] [DRV_MAP] Ptr=0x9ec000000 Size=67108864 Handle=0x557442c26220
[12:48:34.456] [INF] [ALLOC] Ptr=0x9ec000000 Size=67108864 PA=67108864 Frags=1
[12:48:34.456] [DBG] [ALLOC_START] Ptr=0x9f0000000 Size=67108864 Retry=0
[12:48:34.457] [DBG] [DRV_CREATE_PA] Ptr=0 Size=67108864 Handle=0x557442c27760
[12:48:34.458] [DBG] [DRV_MAP] Ptr=0x9f0000000 Size=67108864 Handle=0x557442c27760
[12:48:34.458] [INF] [ALLOC] Ptr=0x9f0000000 Size=67108864 PA=67108864 Frags=1
[12:48:34.458] [DBG] [ALLOC_START] Ptr=0x9f4000000 Size=67108864 Retry=0
[12:48:34.459] [DBG] [DRV_CREATE_PA] Ptr=0 Size=67108864 Handle=0x557442c288a0
[12:48:34.459] [DBG] [DRV_MAP] Ptr=0x9f4000000 Size=67108864 Handle=0x557442c288a0
[12:48:34.459] [INF] [ALLOC] Ptr=0x9f4000000 Size=67108864 PA=67108864 Frags=1
[12:48:34.460] [DBG] [ALLOC_START] Ptr=0x9f8000000 Size=67108864 Retry=0
[12:48:34.460] [DBG] [DRV_CREATE_PA] Ptr=0 Size=67108864 Handle=0x557442c299e0
[12:48:34.460] [DBG] [DRV_MAP] Ptr=0x9f8000000 Size=67108864 Handle=0x557442c299e0
[12:48:34.461] [INF] [ALLOC] Ptr=0x9f8000000 Size=67108864 PA=67108864 Frags=1
[12:48:34.461] [DBG] [ALLOC_START] Ptr=0x9fc000000 Size=67108864 Retry=0
[12:48:34.461] [DBG] [DRV_CREATE_PA] Ptr=0 Size=67108864 Handle=0x557442c2ab20
[12:48:34.462] [DBG] [DRV_MAP] Ptr=0x9fc000000 Size=67108864 Handle=0x557442c2ab20
[12:48:34.462] [INF] [ALLOC] Ptr=0x9fc000000 Size=67108864 PA=67108864 Frags=1
[12:48:34.462] [DBG] [ALLOC_START] Ptr=0xa00000000 Size=67108864 Retry=0
[12:48:34.463] [DBG] [DRV_CREATE_PA] Ptr=0 Size=67108864 Handle=0x557442c2bc60
[12:48:34.463] [DBG] [DRV_MAP] Ptr=0xa00000000 Size=67108864 Handle=0x557442c2bc60
[12:48:34.464] [INF] [ALLOC] Ptr=0xa00000000 Size=67108864 PA=67108864 Frags=1
[12:48:34.464] [DBG] [ALLOC_START] Ptr=0xa04000000 Size=67108864 Retry=0
[12:48:34.465] [DBG] [DRV_CREATE_PA] Ptr=0 Size=67108864 Handle=0x557442c2cda0
[12:48:34.465] [DBG] [DRV_MAP] Ptr=0xa04000000 Size=67108864 Handle=0x557442c2cda0
[12:48:34.466] [INF] [ALLOC] Ptr=0xa04000000 Size=67108864 PA=67108864 Frags=1
[12:48:34.466] [DBG] [ALLOC_START] Ptr=0xa08000000 Size=67108864 Retry=0
[12:48:34.466] [DBG] [DRV_CREATE_PA] Ptr=0 Size=67108864 Handle=0x557442c2dee0
[12:48:34.467] [DBG] [DRV_MAP] Ptr=0xa08000000 Size=67108864 Handle=0x557442c2dee0
[12:48:34.467] [INF] [ALLOC] Ptr=0xa08000000 Size=67108864 PA=67108864 Frags=1
[12:48:34.467] [DBG] [ALLOC_START] Ptr=0xa0c000000 Size=67108864 Retry=0
[12:48:34.468] [DBG] [DRV_CREATE_PA] Ptr=0 Size=67108864 Handle=0x557442c2f020
[12:48:34.468] [DBG] [DRV_MAP] Ptr=0xa0c000000 Size=67108864 Handle=0x557442c2f020
[12:48:34.469] [INF] [ALLOC] Ptr=0xa0c000000 Size=67108864 PA=67108864 Frags=1
[12:48:34.469] [DBG] [ALLOC_START] Ptr=0xa10000000 Size=67108864 Retry=0
[12:48:34.469] [DBG] [DRV_CREATE_PA] Ptr=0 Size=67108864 Handle=0x557442c30160
[12:48:34.470] [DBG] [DRV_MAP] Ptr=0xa10000000 Size=67108864 Handle=0x557442c30160
[12:48:34.470] [INF] [ALLOC] Ptr=0xa10000000 Size=67108864 PA=67108864 Frags=1
[12:48:34.471] [DBG] [ALLOC_START] Ptr=0xa14000000 Size=67108864 Retry=0
[12:48:34.471] [DBG] [DRV_CREATE_PA] Ptr=0 Size=67108864 Handle=0x557442c312a0
[12:48:34.472] [DBG] [DRV_MAP] Ptr=0xa14000000 Size=67108864 Handle=0x557442c312a0
[12:48:34.472] [INF] [ALLOC] Ptr=0xa14000000 Size=67108864 PA=67108864 Frags=1
[12:48:34.472] [DBG] [ALLOC_START] Ptr=0xa18000000 Size=67108864 Retry=0
[12:48:34.473] [DBG] [DRV_CREATE_PA] Ptr=0 Size=67108864 Handle=0x557442c323e0
[12:48:34.473] [DBG] [DRV_MAP] Ptr=0xa18000000 Size=67108864 Handle=0x557442c323e0
[12:48:34.473] [INF] [ALLOC] Ptr=0xa18000000 Size=67108864 PA=67108864 Frags=1
[12:48:34.474] [DBG] [ALLOC_START] Ptr=0xa1c000000 Size=67108864 Retry=0
[12:48:34.475] [DBG] [DRV_CREATE_PA] Ptr=0 Size=67108864 Handle=0x557442c33520
[12:48:34.475] [DBG] [DRV_MAP] Ptr=0xa1c000000 Size=67108864 Handle=0x557442c33520
[12:48:34.475] [INF] [ALLOC] Ptr=0xa1c000000 Size=67108864 PA=67108864 Frags=1
[12:48:34.475] [DBG] [ALLOC_START] Ptr=0xa20000000 Size=67108864 Retry=0
[12:48:34.476] [DBG] [DRV_CREATE_PA] Ptr=0 Size=67108864 Handle=0x557442c34660
[12:48:34.477] [DBG] [DRV_MAP] Ptr=0xa20000000 Size=67108864 Handle=0x557442c34660
[12:48:34.477] [INF] [ALLOC] Ptr=0xa20000000 Size=67108864 PA=67108864 Frags=1
[12:48:34.477] [DBG] [ALLOC_START] Ptr=0xa24000000 Size=67108864 Retry=0
[12:48:34.478] [DBG] [DRV_CREATE_PA] Ptr=0 Size=67108864 Handle=0x557442c357a0
[12:48:34.479] [DBG] [DRV_MAP] Ptr=0xa24000000 Size=67108864 Handle=0x557442c357a0
[12:48:34.479] [INF] [ALLOC] Ptr=0xa24000000 Size=67108864 PA=67108864 Frags=1
[12:48:34.479] [DBG] [ALLOC_START] Ptr=0xa28000000 Size=67108864 Retry=0
[12:48:34.480] [DBG] [DRV_CREATE_PA] Ptr=0 Size=67108864 Handle=0x557442c368e0
[12:48:34.480] [DBG] [DRV_MAP] Ptr=0xa28000000 Size=67108864 Handle=0x557442c368e0
[12:48:34.480] [INF] [ALLOC] Ptr=0xa28000000 Size=67108864 PA=67108864 Frags=1
[12:48:34.480] [DBG] [ALLOC_START] Ptr=0xa2c000000 Size=67108864 Retry=0
[12:48:34.481] [DBG] [DRV_CREATE_PA] Ptr=0 Size=67108864 Handle=0x557442c37a20
[12:48:34.482] [DBG] [DRV_MAP] Ptr=0xa2c000000 Size=67108864 Handle=0x557442c37a20
[12:48:34.482] [INF] [ALLOC] Ptr=0xa2c000000 Size=67108864 PA=67108864 Frags=1
[12:48:34.483] [DBG] [ALLOC_START] Ptr=0xa30000000 Size=67108864 Retry=0
[12:48:34.484] [DBG] [DRV_CREATE_PA] Ptr=0 Size=67108864 Handle=0x557442c38b60
[12:48:34.485] [DBG] [DRV_MAP] Ptr=0xa30000000 Size=67108864 Handle=0x557442c38b60
[12:48:34.485] [INF] [ALLOC] Ptr=0xa30000000 Size=67108864 PA=67108864 Frags=1
[12:48:34.485] [DBG] [ALLOC_START] Ptr=0xa34000000 Size=67108864 Retry=0
[12:48:34.486] [DBG] [DRV_CREATE_PA] Ptr=0 Size=67108864 Handle=0x557442c39ca0
[12:48:34.486] [DBG] [DRV_MAP] Ptr=0xa34000000 Size=67108864 Handle=0x557442c39ca0
[12:48:34.486] [INF] [ALLOC] Ptr=0xa34000000 Size=67108864 PA=67108864 Frags=1
[12:48:34.487] [DBG] [ALLOC_START] Ptr=0xa38000000 Size=67108864 Retry=0
[12:48:34.487] [DBG] [DRV_CREATE_PA] Ptr=0 Size=67108864 Handle=0x557442c3ade0
[12:48:34.488] [DBG] [DRV_MAP] Ptr=0xa38000000 Size=67108864 Handle=0x557442c3ade0
[12:48:34.488] [INF] [ALLOC] Ptr=0xa38000000 Size=67108864 PA=67108864 Frags=1
[12:48:34.488] [DBG] [ALLOC_START] Ptr=0xa3c000000 Size=67108864 Retry=0
[12:48:34.490] [DBG] [DRV_CREATE_PA] Ptr=0 Size=67108864 Handle=0x557442c3bf20
[12:48:34.491] [DBG] [DRV_MAP] Ptr=0xa3c000000 Size=67108864 Handle=0x557442c3bf20
[12:48:34.491] [INF] [ALLOC] Ptr=0xa3c000000 Size=67108864 PA=67108864 Frags=1
[12:48:34.491] [DBG] [ALLOC_START] Ptr=0xa40000000 Size=67108864 Retry=0
[12:48:34.492] [DBG] [DRV_CREATE_PA] Ptr=0 Size=67108864 Handle=0x557442c3d060
[12:48:34.493] [DBG] [DRV_MAP] Ptr=0xa40000000 Size=67108864 Handle=0x557442c3d060
[12:48:34.493] [INF] [ALLOC] Ptr=0xa40000000 Size=67108864 PA=67108864 Frags=1
[12:48:34.493] [INF] [FREE] Ptr=0x900000000 Size=67108864 VMM
[12:48:34.494] [DBG] [DRV_UNMAP] Ptr=0x900000000 Size=67108864
[12:48:34.495] [DBG] [POOL_PUSH] Ptr=0 Size=67108864 Handle=0x5574429e3240
[12:48:34.495] [INF] [FREE] Ptr=0x908000000 Size=67108864 VMM
[12:48:34.496] [DBG] [DRV_UNMAP] Ptr=0x908000000 Size=67108864
[12:48:34.496] [DBG] [POOL_PUSH] Ptr=0 Size=67108864 Handle=0x557442be8810
[12:48:34.496] [INF] [FREE] Ptr=0x910000000 Size=67108864 VMM
[12:48:34.497] [DBG] [DRV_UNMAP] Ptr=0x910000000 Size=67108864
[12:48:34.497] [DBG] [POOL_PUSH] Ptr=0 Size=67108864 Handle=0x557442beaa90
[12:48:34.497] [INF] [FREE] Ptr=0x918000000 Size=67108864 VMM
[12:48:34.498] [DBG] [DRV_UNMAP] Ptr=0x918000000 Size=67108864
[12:48:34.498] [DBG] [POOL_PUSH] Ptr=0 Size=67108864 Handle=0x557442becd10
[12:48:34.498] [INF] [FREE] Ptr=0x920000000 Size=67108864 VMM
[12:48:34.499] [DBG] [DRV_UNMAP] Ptr=0x920000000 Size=67108864
[12:48:34.499] [DBG] [POOL_PUSH] Ptr=0 Size=67108864 Handle=0x557442beef90
[12:48:34.499] [INF] [FREE] Ptr=0x928000000 Size=67108864 VMM
[12:48:34.499] [DBG] [DRV_UNMAP] Ptr=0x928000000 Size=67108864
[12:48:34.500] [DBG] [POOL_PUSH] Ptr=0 Size=67108864 Handle=0x557442bf1210
[12:48:34.500] [INF] [FREE] Ptr=0x930000000 Size=67108864 VMM
[12:48:34.501] [DBG] [DRV_UNMAP] Ptr=0x930000000 Size=67108864
[12:48:34.501] [DBG] [POOL_PUSH] Ptr=0 Size=67108864 Handle=0x557442bf3490
[12:48:34.501] [INF] [FREE] Ptr=0x938000000 Size=67108864 VMM
[12:48:34.501] [DBG] [DRV_UNMAP] Ptr=0x938000000 Size=67108864
[12:48:34.502] [DBG] [POOL_PUSH] Ptr=0 Size=67108864 Handle=0x557442bf5800
[12:48:34.502] [INF] [FREE] Ptr=0x940000000 Size=67108864 VMM
[12:48:34.503] [DBG] [DRV_UNMAP] Ptr=0x940000000 Size=67108864
[12:48:34.503] [DBG] [POOL_PUSH] Ptr=0 Size=67108864 Handle=0x557442bf7a80
[12:48:34.503] [INF] [FREE] Ptr=0x948000000 Size=67108864 VMM
[12:48:34.503] [DBG] [DRV_UNMAP] Ptr=0x948000000 Size=67108864
[12:48:34.504] [DBG] [POOL_PUSH] Ptr=0 Size=67108864 Handle=0x557442bf9d00
[12:48:34.504] [INF] [FREE] Ptr=0x950000000 Size=67108864 VMM
[12:48:34.504] [DBG] [DRV_UNMAP] Ptr=0x950000000 Size=67108864
[12:48:34.505] [DBG] [POOL_PUSH] Ptr=0 Size=67108864 Handle=0x557442bfbf80
[12:48:34.505] [INF] [FREE] Ptr=0x958000000 Size=67108864 VMM
[12:48:34.505] [DBG] [DRV_UNMAP] Ptr=0x958000000 Size=67108864
[12:48:34.505] [DBG] [POOL_PUSH] Ptr=0 Size=67108864 Handle=0x557442bfe200
[12:48:34.506] [INF] [FREE] Ptr=0x960000000 Size=67108864 VMM
[12:48:34.506] [DBG] [DRV_UNMAP] Ptr=0x960000000 Size=67108864
[12:48:34.506] [DBG] [POOL_PUSH] Ptr=0 Size=67108864 Handle=0x557442c00480
[12:48:34.507] [INF] [FREE] Ptr=0x968000000 Size=67108864 VMM
[12:48:34.507] [DBG] [DRV_UNMAP] Ptr=0x968000000 Size=67108864
[12:48:34.507] [DBG] [POOL_PUSH] Ptr=0 Size=67108864 Handle=0x557442c02700
[12:48:34.508] [INF] [FREE] Ptr=0x970000000 Size=67108864 VMM
[12:48:34.508] [DBG] [DRV_UNMAP] Ptr=0x970000000 Size=67108864
[12:48:34.508] [DBG] [POOL_PUSH] Ptr=0 Size=67108864 Handle=0x557442c04980
[12:48:34.509] [INF] [FREE] Ptr=0x978000000 Size=67108864 VMM
[12:48:34.509] [DBG] [DRV_UNMAP] Ptr=0x978000000 Size=67108864
[12:48:34.510] [DBG] [POOL_PUSH] Ptr=0 Size=67108864 Handle=0x557442c06de0
[12:48:34.510] [INF] [FREE] Ptr=0x980000000 Size=67108864 VMM
[12:48:34.510] [DBG] [DRV_UNMAP] Ptr=0x980000000 Size=67108864
[12:48:34.511] [DBG] [POOL_PUSH] Ptr=0 Size=67108864 Handle=0x557442c09060
[12:48:34.511] [INF] [FREE] Ptr=0x988000000 Size=67108864 VMM
[12:48:34.511] [DBG] [DRV_UNMAP] Ptr=0x988000000 Size=67108864
[12:48:34.511] [DBG] [POOL_PUSH] Ptr=0 Size=67108864 Handle=0x557442c0b2e0
[12:48:34.511] [INF] [FREE] Ptr=0x990000000 Size=67108864 VMM
[12:48:34.512] [DBG] [DRV_UNMAP] Ptr=0x990000000 Size=67108864
[12:48:34.512] [DBG] [POOL_PUSH] Ptr=0 Size=67108864 Handle=0x557442c0d560
[12:48:34.512] [INF] [FREE] Ptr=0x998000000 Size=67108864 VMM
[12:48:34.513] [DBG] [DRV_UNMAP] Ptr=0x998000000 Size=67108864
[12:48:34.513] [DBG] [POOL_PUSH] Ptr=0 Size=67108864 Handle=0x557442c0f7e0
[12:48:34.513] [INF] [FREE] Ptr=0x9a0000000 Size=67108864 VMM
[12:48:34.513] [DBG] [DRV_UNMAP] Ptr=0x9a0000000 Size=67108864
[12:48:34.514] [DBG] [POOL_PUSH] Ptr=0 Size=67108864 Handle=0x557442c11a60
[12:48:34.514] [INF] [FREE] Ptr=0x9a8000000 Size=67108864 VMM
[12:48:34.514] [DBG] [DRV_UNMAP] Ptr=0x9a8000000 Size=67108864
[12:48:34.514] [DBG] [POOL_PUSH] Ptr=0 Size=67108864 Handle=0x557442c13ce0
[12:48:34.515] [INF] [FREE] Ptr=0x9b0000000 Size=67108864 VMM
[12:48:34.515] [DBG] [DRV_UNMAP] Ptr=0x9b0000000 Size=67108864
[12:48:34.515] [DBG] [POOL_PUSH] Ptr=0 Size=67108864 Handle=0x557442c15f60
[12:48:34.516] [INF] [FREE] Ptr=0x9b8000000 Size=67108864 VMM
[12:48:34.516] [DBG] [DRV_UNMAP] Ptr=0x9b8000000 Size=67108864
[12:48:34.516] [DBG] [POOL_PUSH] Ptr=0 Size=67108864 Handle=0x557442c181e0
[12:48:34.516] [INF] [FREE] Ptr=0x9c0000000 Size=67108864 VMM
[12:48:34.517] [DBG] [DRV_UNMAP] Ptr=0x9c0000000 Size=67108864
[12:48:34.517] [DBG] [POOL_PUSH] Ptr=0 Size=67108864 Handle=0x557442c1a460
[12:48:34.517] [INF] [FREE] Ptr=0x9c8000000 Size=67108864 VMM
[12:48:34.518] [DBG] [DRV_UNMAP] Ptr=0x9c8000000 Size=67108864
[12:48:34.518] [DBG] [POOL_PUSH] Ptr=0 Size=67108864 Handle=0x557442c1c6e0
[12:48:34.518] [INF] [FREE] Ptr=0x9d0000000 Size=67108864 VMM
[12:48:34.518] [DBG] [DRV_UNMAP] Ptr=0x9d0000000 Size=67108864
[12:48:34.519] [DBG] [POOL_PUSH] Ptr=0 Size=67108864 Handle=0x557442c1e960
[12:48:34.519] [INF] [FREE] Ptr=0x9d8000000 Size=67108864 VMM
[12:48:34.519] [DBG] [DRV_UNMAP] Ptr=0x9d8000000 Size=67108864
[12:48:34.519] [DBG] [POOL_PUSH] Ptr=0 Size=67108864 Handle=0x557442c20be0
[12:48:34.519] [INF] [FREE] Ptr=0x9e0000000 Size=67108864 VMM
[12:48:34.520] [DBG] [DRV_UNMAP] Ptr=0x9e0000000 Size=67108864
[12:48:34.520] [DBG] [POOL_PUSH] Ptr=0 Size=67108864 Handle=0x557442c22e60
[12:48:34.520] [INF] [FREE] Ptr=0x9e8000000 Size=67108864 VMM
[12:48:34.521] [DBG] [DRV_UNMAP] Ptr=0x9e8000000 Size=67108864
[12:48:34.521] [DBG] [POOL_PUSH] Ptr=0 Size=67108864 Handle=0x557442c250e0
[12:48:34.521] [INF] [FREE] Ptr=0x9f0000000 Size=67108864 VMM
[12:48:34.522] [DBG] [DRV_UNMAP] Ptr=0x9f0000000 Size=67108864
[12:48:34.522] [DBG] [POOL_PUSH] Ptr=0 Size=67108864 Handle=0x557442c27760
[12:48:34.522] [INF] [FREE] Ptr=0x9f8000000 Size=67108864 VMM
[12:48:34.523] [DBG] [DRV_UNMAP] Ptr=0x9f8000000 Size=67108864
[12:48:34.523] [DBG] [POOL_PUSH] Ptr=0 Size=67108864 Handle=0x557442c299e0
[12:48:34.523] [INF] [FREE] Ptr=0xa00000000 Size=67108864 VMM
[12:48:34.524] [DBG] [DRV_UNMAP] Ptr=0xa00000000 Size=67108864
[12:48:34.524] [DBG] [POOL_PUSH] Ptr=0 Size=67108864 Handle=0x557442c2bc60
[12:48:34.524] [INF] [FREE] Ptr=0xa08000000 Size=67108864 VMM
[12:48:34.524] [DBG] [DRV_UNMAP] Ptr=0xa08000000 Size=67108864
[12:48:34.525] [DBG] [POOL_PUSH] Ptr=0 Size=67108864 Handle=0x557442c2dee0
[12:48:34.525] [INF] [FREE] Ptr=0xa10000000 Size=67108864 VMM
[12:48:34.525] [DBG] [DRV_UNMAP] Ptr=0xa10000000 Size=67108864
[12:48:34.525] [DBG] [POOL_PUSH] Ptr=0 Size=67108864 Handle=0x557442c30160
[12:48:34.525] [INF] [FREE] Ptr=0xa18000000 Size=67108864 VMM
[12:48:34.526] [DBG] [DRV_UNMAP] Ptr=0xa18000000 Size=67108864
[12:48:34.526] [DBG] [POOL_PUSH] Ptr=0 Size=67108864 Handle=0x557442c323e0
[12:48:34.526] [INF] [FREE] Ptr=0xa20000000 Size=67108864 VMM
[12:48:34.527] [DBG] [DRV_UNMAP] Ptr=0xa20000000 Size=67108864
[12:48:34.527] [DBG] [POOL_PUSH] Ptr=0 Size=67108864 Handle=0x557442c34660
[12:48:34.527] [INF] [FREE] Ptr=0xa28000000 Size=67108864 VMM
[12:48:34.528] [DBG] [DRV_UNMAP] Ptr=0xa28000000 Size=67108864
[12:48:34.528] [DBG] [POOL_PUSH] Ptr=0 Size=67108864 Handle=0x557442c368e0
[12:48:34.528] [INF] [FREE] Ptr=0xa30000000 Size=67108864 VMM
[12:48:34.528] [DBG] [DRV_UNMAP] Ptr=0xa30000000 Size=67108864
[12:48:34.529] [DBG] [POOL_PUSH] Ptr=0 Size=67108864 Handle=0x557442c38b60
[12:48:34.529] [INF] [FREE] Ptr=0xa38000000 Size=67108864 VMM
[12:48:34.529] [DBG] [DRV_UNMAP] Ptr=0xa38000000 Size=67108864
[12:48:34.529] [DBG] [POOL_PUSH] Ptr=0 Size=67108864 Handle=0x557442c3ade0
[12:48:34.529] [INF] [FREE] Ptr=0xa40000000 Size=67108864 VMM
[12:48:34.530] [DBG] [DRV_UNMAP] Ptr=0xa40000000 Size=67108864
[12:48:34.530] [DBG] [POOL_PUSH] Ptr=0 Size=67108864 Handle=0x557442c3d060
[12:48:34.530] [DBG] [ALLOC_START] Ptr=0xa40000000 Size=2415919104 Retry=0
[12:48:34.531] [DBG] [POOL_POP_FRAG] Ptr=0 Size=67108864 Req=2415919104 Handle=0x557442c3d060
[12:48:34.531] [DBG] [POOL_PUSH] Ptr=0 Size=67108864 Handle=0x557442c3d060
[12:48:34.540] [DBG] [DRV_CREATE_PA] Ptr=0 Size=2415919104 Handle=0x557442bf5cd0
[12:48:34.545] [DBG] [ALLOC_ERR] Ptr=0xa40000000 Size=0 Error: [VMM] MemSetAccess Failed. Ptr=0xa40000000 : out of memory
[12:48:34.545] [DBG] [VA_DISCARD] Ptr=0xa40000000 Size=2415919104 Discarded dirty VA
[12:48:34.546] [INF] [POOL_DRAIN] Ptr=0 Size=0 OOM detected. Draining pool...
[12:48:34.546] [DBG] [POOL_DRAIN_START] Ptr=0 Size=0 Count=41
[12:48:34.546] [DBG] [DRV_REL_PA] Ptr=0 Size=0 Handle=0x5574429e3240
[12:48:34.547] [DBG] [DRV_REL_PA] Ptr=0 Size=0 Handle=0x557442be8810
[12:48:34.548] [DBG] [DRV_REL_PA] Ptr=0 Size=0 Handle=0x557442beaa90
[12:48:34.548] [DBG] [DRV_REL_PA] Ptr=0 Size=0 Handle=0x557442becd10
[12:48:34.549] [DBG] [DRV_REL_PA] Ptr=0 Size=0 Handle=0x557442beef90
[12:48:34.550] [DBG] [DRV_REL_PA] Ptr=0 Size=0 Handle=0x557442bf1210
[12:48:34.550] [DBG] [DRV_REL_PA] Ptr=0 Size=0 Handle=0x557442bf3490
[12:48:34.551] [DBG] [DRV_REL_PA] Ptr=0 Size=0 Handle=0x557442bf5800
[12:48:34.551] [DBG] [DRV_REL_PA] Ptr=0 Size=0 Handle=0x557442bf7a80
[12:48:34.552] [DBG] [DRV_REL_PA] Ptr=0 Size=0 Handle=0x557442bf9d00
[12:48:34.553] [DBG] [DRV_REL_PA] Ptr=0 Size=0 Handle=0x557442bfbf80
[12:48:34.553] [DBG] [DRV_REL_PA] Ptr=0 Size=0 Handle=0x557442bfe200
[12:48:34.554] [DBG] [DRV_REL_PA] Ptr=0 Size=0 Handle=0x557442c00480
[12:48:34.555] [DBG] [DRV_REL_PA] Ptr=0 Size=0 Handle=0x557442c02700
[12:48:34.555] [DBG] [DRV_REL_PA] Ptr=0 Size=0 Handle=0x557442c04980
[12:48:34.556] [DBG] [DRV_REL_PA] Ptr=0 Size=0 Handle=0x557442c06de0
[12:48:34.556] [DBG] [DRV_REL_PA] Ptr=0 Size=0 Handle=0x557442c09060
[12:48:34.557] [DBG] [DRV_REL_PA] Ptr=0 Size=0 Handle=0x557442c0b2e0
[12:48:34.558] [DBG] [DRV_REL_PA] Ptr=0 Size=0 Handle=0x557442c0d560
[12:48:34.558] [DBG] [DRV_REL_PA] Ptr=0 Size=0 Handle=0x557442c0f7e0
[12:48:34.559] [DBG] [DRV_REL_PA] Ptr=0 Size=0 Handle=0x557442c11a60
[12:48:34.560] [DBG] [DRV_REL_PA] Ptr=0 Size=0 Handle=0x557442c13ce0
[12:48:34.560] [DBG] [DRV_REL_PA] Ptr=0 Size=0 Handle=0x557442c15f60
[12:48:34.561] [DBG] [DRV_REL_PA] Ptr=0 Size=0 Handle=0x557442c181e0
[12:48:34.562] [DBG] [DRV_REL_PA] Ptr=0 Size=0 Handle=0x557442c1a460
[12:48:34.562] [DBG] [DRV_REL_PA] Ptr=0 Size=0 Handle=0x557442c1c6e0
[12:48:34.563] [DBG] [DRV_REL_PA] Ptr=0 Size=0 Handle=0x557442c1e960
[12:48:34.564] [DBG] [DRV_REL_PA] Ptr=0 Size=0 Handle=0x557442c20be0
[12:48:34.564] [DBG] [DRV_REL_PA] Ptr=0 Size=0 Handle=0x557442c22e60
[12:48:34.565] [DBG] [DRV_REL_PA] Ptr=0 Size=0 Handle=0x557442c250e0
[12:48:34.565] [DBG] [DRV_REL_PA] Ptr=0 Size=0 Handle=0x557442c27760
[12:48:34.566] [DBG] [DRV_REL_PA] Ptr=0 Size=0 Handle=0x557442c299e0
[12:48:34.567] [DBG] [DRV_REL_PA] Ptr=0 Size=0 Handle=0x557442c2bc60
[12:48:34.568] [DBG] [DRV_REL_PA] Ptr=0 Size=0 Handle=0x557442c2dee0
[12:48:34.568] [DBG] [DRV_REL_PA] Ptr=0 Size=0 Handle=0x557442c30160
[12:48:34.569] [DBG] [DRV_REL_PA] Ptr=0 Size=0 Handle=0x557442c323e0
[12:48:34.569] [DBG] [DRV_REL_PA] Ptr=0 Size=0 Handle=0x557442c34660
[12:48:34.570] [DBG] [DRV_REL_PA] Ptr=0 Size=0 Handle=0x557442c368e0
[12:48:34.571] [DBG] [DRV_REL_PA] Ptr=0 Size=0 Handle=0x557442c38b60
[12:48:34.571] [DBG] [DRV_REL_PA] Ptr=0 Size=0 Handle=0x557442c3ade0
[12:48:34.572] [DBG] [DRV_REL_PA] Ptr=0 Size=0 Handle=0x557442c3d060
[12:48:34.572] [DBG] [POOL_DRAIN_END] Ptr=0 Size=2751463424 Released Count=41
[12:48:34.572] [INF] [POOL_DRAIN] Ptr=0 Size=2751463424 Drained bytes. Retrying...
[12:48:34.573] [DBG] [ALLOC_START] Ptr=0xa40000000 Size=2415919104 Retry=1
[12:48:34.582] [DBG] [DRV_CREATE_PA] Ptr=0 Size=2415919104 Handle=0x5574429e3240
[12:48:34.592] [DBG] [DRV_MAP] Ptr=0xa40000000 Size=2415919104 Handle=0x5574429e3240
[12:48:34.592] [INF] [ALLOC] Ptr=0xa40000000 Size=2415919104 PA=2415919104 Frags=1
[12:48:34.592] [INF] [FREE] Ptr=0xa40000000 Size=2415919104 VMM
[12:48:34.597] [DBG] [DRV_UNMAP] Ptr=0xa40000000 Size=2415919104
[12:48:34.598] [DBG] [POOL_PUSH] Ptr=0 Size=2415919104 Handle=0x5574429e3240
[12:48:34.598] [INF] [FREE] Ptr=0x904000000 Size=67108864 VMM
[12:48:34.608] [DBG] [DRV_UNMAP] Ptr=0x904000000 Size=67108864
[12:48:34.609] [DBG] [POOL_PUSH] Ptr=0 Size=67108864 Handle=0x557442be76d0
[12:48:34.609] [INF] [FREE] Ptr=0x90c000000 Size=67108864 VMM
[12:48:34.618] [DBG] [DRV_UNMAP] Ptr=0x90c000000 Size=67108864
[12:48:34.618] [DBG] [POOL_PUSH] Ptr=0 Size=67108864 Handle=0x557442be9950
[12:48:34.618] [INF] [FREE] Ptr=0x914000000 Size=67108864 VMM
[12:48:34.625] [DBG] [DRV_UNMAP] Ptr=0x914000000 Size=67108864
[12:48:34.625] [DBG] [POOL_PUSH] Ptr=0 Size=67108864 Handle=0x557442bebbd0
[12:48:34.625] [INF] [FREE] Ptr=0x91c000000 Size=67108864 VMM
[12:48:34.626] [DBG] [DRV_UNMAP] Ptr=0x91c000000 Size=67108864
[12:48:34.626] [DBG] [POOL_PUSH] Ptr=0 Size=67108864 Handle=0x557442bede50
[12:48:34.626] [INF] [FREE] Ptr=0x924000000 Size=67108864 VMM
[12:48:34.627] [DBG] [DRV_UNMAP] Ptr=0x924000000 Size=67108864
[12:48:34.627] [DBG] [POOL_PUSH] Ptr=0 Size=67108864 Handle=0x557442bf00d0
[12:48:34.627] [INF] [FREE] Ptr=0x92c000000 Size=67108864 VMM
[12:48:34.628] [DBG] [DRV_UNMAP] Ptr=0x92c000000 Size=67108864
[12:48:34.628] [DBG] [POOL_PUSH] Ptr=0 Size=67108864 Handle=0x557442bf2350
[12:48:34.628] [INF] [FREE] Ptr=0x934000000 Size=67108864 VMM
[12:48:34.629] [DBG] [DRV_UNMAP] Ptr=0x934000000 Size=67108864
[12:48:34.629] [DBG] [POOL_PUSH] Ptr=0 Size=67108864 Handle=0x557442bf45d0
[12:48:34.629] [INF] [FREE] Ptr=0x93c000000 Size=67108864 VMM
[12:48:34.630] [DBG] [DRV_UNMAP] Ptr=0x93c000000 Size=67108864
[12:48:34.630] [DBG] [POOL_PUSH] Ptr=0 Size=67108864 Handle=0x557442bf6940
[12:48:34.630] [INF] [FREE] Ptr=0x944000000 Size=67108864 VMM
[12:48:34.631] [DBG] [DRV_UNMAP] Ptr=0x944000000 Size=67108864
[12:48:34.631] [DBG] [POOL_PUSH] Ptr=0 Size=67108864 Handle=0x557442bf8bc0
[12:48:34.631] [INF] [FREE] Ptr=0x94c000000 Size=67108864 VMM
[12:48:34.632] [DBG] [DRV_UNMAP] Ptr=0x94c000000 Size=67108864
[12:48:34.632] [DBG] [POOL_PUSH] Ptr=0 Size=67108864 Handle=0x557442bfae40
[12:48:34.632] [INF] [FREE] Ptr=0x954000000 Size=67108864 VMM
[12:48:34.632] [DBG] [DRV_UNMAP] Ptr=0x954000000 Size=67108864
[12:48:34.633] [DBG] [POOL_PUSH] Ptr=0 Size=67108864 Handle=0x557442bfd0c0
[12:48:34.633] [INF] [FREE] Ptr=0x95c000000 Size=67108864 VMM
[12:48:34.633] [DBG] [DRV_UNMAP] Ptr=0x95c000000 Size=67108864
[12:48:34.633] [DBG] [POOL_PUSH] Ptr=0 Size=67108864 Handle=0x557442bff340
[12:48:34.634] [INF] [FREE] Ptr=0x964000000 Size=67108864 VMM
[12:48:34.634] [DBG] [DRV_UNMAP] Ptr=0x964000000 Size=67108864
[12:48:34.634] [DBG] [POOL_PUSH] Ptr=0 Size=67108864 Handle=0x557442c015c0
[12:48:34.634] [INF] [FREE] Ptr=0x96c000000 Size=67108864 VMM
[12:48:34.635] [DBG] [DRV_UNMAP] Ptr=0x96c000000 Size=67108864
[12:48:34.635] [DBG] [POOL_PUSH] Ptr=0 Size=67108864 Handle=0x557442c03840
[12:48:34.635] [INF] [FREE] Ptr=0x974000000 Size=67108864 VMM
[12:48:34.636] [DBG] [DRV_UNMAP] Ptr=0x974000000 Size=67108864
[12:48:34.636] [DBG] [POOL_PUSH] Ptr=0 Size=67108864 Handle=0x557442c05ac0
[12:48:34.636] [INF] [FREE] Ptr=0x97c000000 Size=67108864 VMM
[12:48:34.637] [DBG] [DRV_UNMAP] Ptr=0x97c000000 Size=67108864
[12:48:34.637] [DBG] [POOL_PUSH] Ptr=0 Size=67108864 Handle=0x557442c07f20
[12:48:34.637] [INF] [FREE] Ptr=0x984000000 Size=67108864 VMM
[12:48:34.638] [DBG] [DRV_UNMAP] Ptr=0x984000000 Size=67108864
[12:48:34.638] [DBG] [POOL_PUSH] Ptr=0 Size=67108864 Handle=0x557442c0a1a0
[12:48:34.638] [INF] [FREE] Ptr=0x98c000000 Size=67108864 VMM
[12:48:34.639] [DBG] [DRV_UNMAP] Ptr=0x98c000000 Size=67108864
[12:48:34.639] [DBG] [POOL_PUSH] Ptr=0 Size=67108864 Handle=0x557442c0c420
[12:48:34.639] [INF] [FREE] Ptr=0x994000000 Size=67108864 VMM
[12:48:34.640] [DBG] [DRV_UNMAP] Ptr=0x994000000 Size=67108864
[12:48:34.640] [DBG] [POOL_PUSH] Ptr=0 Size=67108864 Handle=0x557442c0e6a0
[12:48:34.640] [INF] [FREE] Ptr=0x99c000000 Size=67108864 VMM
[12:48:34.640] [DBG] [DRV_UNMAP] Ptr=0x99c000000 Size=67108864
[12:48:34.641] [DBG] [POOL_PUSH] Ptr=0 Size=67108864 Handle=0x557442c10920
[12:48:34.641] [INF] [FREE] Ptr=0x9a4000000 Size=67108864 VMM
[12:48:34.641] [DBG] [DRV_UNMAP] Ptr=0x9a4000000 Size=67108864
[12:48:34.642] [DBG] [POOL_PUSH] Ptr=0 Size=67108864 Handle=0x557442c12ba0
[12:48:34.642] [INF] [FREE] Ptr=0x9ac000000 Size=67108864 VMM
[12:48:34.643] [DBG] [DRV_UNMAP] Ptr=0x9ac000000 Size=67108864
[12:48:34.643] [DBG] [POOL_PUSH] Ptr=0 Size=67108864 Handle=0x557442c14e20
[12:48:34.643] [INF] [FREE] Ptr=0x9b4000000 Size=67108864 VMM
[12:48:34.644] [DBG] [DRV_UNMAP] Ptr=0x9b4000000 Size=67108864
[12:48:34.644] [DBG] [POOL_PUSH] Ptr=0 Size=67108864 Handle=0x557442c170a0
[12:48:34.644] [INF] [FREE] Ptr=0x9bc000000 Size=67108864 VMM
[12:48:34.645] [DBG] [DRV_UNMAP] Ptr=0x9bc000000 Size=67108864
[12:48:34.645] [DBG] [POOL_PUSH] Ptr=0 Size=67108864 Handle=0x557442c19320
[12:48:34.645] [INF] [FREE] Ptr=0x9c4000000 Size=67108864 VMM
[12:48:34.646] [DBG] [DRV_UNMAP] Ptr=0x9c4000000 Size=67108864
[12:48:34.646] [DBG] [POOL_PUSH] Ptr=0 Size=67108864 Handle=0x557442c1b5a0
[12:48:34.646] [INF] [FREE] Ptr=0x9cc000000 Size=67108864 VMM
[12:48:34.646] [DBG] [DRV_UNMAP] Ptr=0x9cc000000 Size=67108864
[12:48:34.647] [DBG] [POOL_PUSH] Ptr=0 Size=67108864 Handle=0x557442c1d820
[12:48:34.647] [INF] [FREE] Ptr=0x9d4000000 Size=67108864 VMM
[12:48:34.647] [DBG] [DRV_UNMAP] Ptr=0x9d4000000 Size=67108864
[12:48:34.648] [DBG] [POOL_PUSH] Ptr=0 Size=67108864 Handle=0x557442c1faa0
[12:48:34.648] [INF] [FREE] Ptr=0x9dc000000 Size=67108864 VMM
[12:48:34.648] [DBG] [DRV_UNMAP] Ptr=0x9dc000000 Size=67108864
[12:48:34.649] [DBG] [POOL_PUSH] Ptr=0 Size=67108864 Handle=0x557442c21d20
[12:48:34.649] [INF] [FREE] Ptr=0x9e4000000 Size=67108864 VMM
[12:48:34.650] [DBG] [DRV_UNMAP] Ptr=0x9e4000000 Size=67108864
[12:48:34.650] [DBG] [POOL_PUSH] Ptr=0 Size=67108864 Handle=0x557442c23fa0
[12:48:34.650] [INF] [FREE] Ptr=0x9ec000000 Size=67108864 VMM
[12:48:34.651] [DBG] [DRV_UNMAP] Ptr=0x9ec000000 Size=67108864
[12:48:34.651] [DBG] [POOL_PUSH] Ptr=0 Size=67108864 Handle=0x557442c26220
[12:48:34.651] [INF] [FREE] Ptr=0x9f4000000 Size=67108864 VMM
[12:48:34.652] [DBG] [DRV_UNMAP] Ptr=0x9f4000000 Size=67108864
[12:48:34.652] [DBG] [POOL_PUSH] Ptr=0 Size=67108864 Handle=0x557442c288a0
[12:48:34.652] [INF] [FREE] Ptr=0x9fc000000 Size=67108864 VMM
[12:48:34.653] [DBG] [DRV_UNMAP] Ptr=0x9fc000000 Size=67108864
[12:48:34.653] [DBG] [POOL_PUSH] Ptr=0 Size=67108864 Handle=0x557442c2ab20
[12:48:34.653] [INF] [FREE] Ptr=0xa04000000 Size=67108864 VMM
[12:48:34.654] [DBG] [DRV_UNMAP] Ptr=0xa04000000 Size=67108864
[12:48:34.654] [DBG] [POOL_PUSH] Ptr=0 Size=67108864 Handle=0x557442c2cda0
[12:48:34.654] [INF] [FREE] Ptr=0xa0c000000 Size=67108864 VMM
[12:48:34.655] [DBG] [DRV_UNMAP] Ptr=0xa0c000000 Size=67108864
[12:48:34.655] [DBG] [POOL_PUSH] Ptr=0 Size=67108864 Handle=0x557442c2f020
[12:48:34.655] [INF] [FREE] Ptr=0xa14000000 Size=67108864 VMM
[12:48:34.656] [DBG] [DRV_UNMAP] Ptr=0xa14000000 Size=67108864
[12:48:34.656] [DBG] [POOL_PUSH] Ptr=0 Size=67108864 Handle=0x557442c312a0
[12:48:34.656] [INF] [FREE] Ptr=0xa1c000000 Size=67108864 VMM
[12:48:34.657] [DBG] [DRV_UNMAP] Ptr=0xa1c000000 Size=67108864
[12:48:34.657] [DBG] [POOL_PUSH] Ptr=0 Size=67108864 Handle=0x557442c33520
[12:48:34.657] [INF] [FREE] Ptr=0xa24000000 Size=67108864 VMM
[12:48:34.658] [DBG] [DRV_UNMAP] Ptr=0xa24000000 Size=67108864
[12:48:34.658] [DBG] [POOL_PUSH] Ptr=0 Size=67108864 Handle=0x557442c357a0
[12:48:34.658] [INF] [FREE] Ptr=0xa2c000000 Size=67108864 VMM
[12:48:34.659] [DBG] [DRV_UNMAP] Ptr=0xa2c000000 Size=67108864
[12:48:34.659] [DBG] [POOL_PUSH] Ptr=0 Size=67108864 Handle=0x557442c37a20
[12:48:34.659] [INF] [FREE] Ptr=0xa34000000 Size=67108864 VMM
[12:48:34.660] [DBG] [DRV_UNMAP] Ptr=0xa34000000 Size=67108864
[12:48:34.660] [DBG] [POOL_PUSH] Ptr=0 Size=67108864 Handle=0x557442c39ca0
[12:48:34.660] [INF] [FREE] Ptr=0xa3c000000 Size=67108864 VMM
[12:48:34.660] [DBG] [DRV_UNMAP] Ptr=0xa3c000000 Size=67108864
[12:48:34.661] [DBG] [POOL_PUSH] Ptr=0 Size=67108864 Handle=0x557442c3bf20
