[12:48:32.168] [DBG] [DRV_RES] Ptr=0x900000000 Size=17179869184 Reserved
[12:48:32.168] [INF] [INIT] Ptr=0x900000000 Size=17179869184 VA Pool Reserved
[12:48:32.169] [DBG] [ALLOC_START] Ptr=0x900000000 Size=1610612736 Retry=0
[12:48:32.183] [DBG] [DRV_CREATE_PA] Ptr=0 Size=1610612736 Handle=0x556cbf5ed290
[12:48:32.188] [DBG] [DRV_MAP] Ptr=0x900000000 Size=1610612736 Handle=0x556cbf5ed290
[12:48:32.188] [INF] [ALLOC] Ptr=0x900000000 Size=1610612736 PA=1610612736 Frags=1
[12:48:32.401] [DBG] [ALLOC_START] Ptr=0x960000000 Size=3221225472 Retry=0
[12:48:32.414] [DBG] [DRV_CREATE_PA] Ptr=0 Size=3221225472 Handle=0x556cc012ec20
[12:48:32.428] [DBG] [DRV_MAP] Ptr=0x960000000 Size=3221225472 Handle=0x556cc012ec20
[12:48:32.429] [INF] [ALLOC] Ptr=0x960000000 Size=3221225472 PA=3221225472 Frags=1
[12:48:32.438] [DBG] [DRV_UNMAP] Ptr=0x960000000 Size=3221225472
[12:48:32.439] [DBG] [POOL_PUSH] Ptr=0 Size=3221225472 Handle=0x556cc012ec20
[12:48:32.443] [DBG] [DRV_MAP] Ptr=0x960000000 Size=1610612736 Handle=0x556cbf5ed290
[12:48:32.450] [DBG] [DRV_CREATE_PA] Ptr=0 Size=1610612736 Handle=0x556cc0132b40
[12:48:32.468] [ERR] [REMAP_FAIL] Ptr=0x960000000 Size=1610612736 [VMM] MemSetAccess Failed. Ptr=0x9c0000000 : out of memory
[12:48:32.469] [INF] [FREE] Ptr=0x900000000 Size=1610612736 VMM
[12:48:32.481] [DBG] [DRV_UNMAP] Ptr=0x900000000 Size=1610612736
[12:48:32.481] [DBG] [POOL_PUSH] Ptr=0 Size=1610612736 Handle=0x556cbf5ed290
[12:48:32.494] [INF] [FREE] Ptr=0x960000000 Size=3221225472 VMM
[12:48:32.496] [DBG] [DRV_UNMAP] Ptr=0x960000000 Size=3221225472
[12:48:32.497] [DBG] [POOL_PUSH] Ptr=0 Size=3221225472 Handle=0x556cc012ec20
[12:48:32.497] [DBG] [ALLOC_START] Ptr=0x900000000 Size=1610612736 Retry=0
[12:48:32.497] [DBG] [POOL_POP] Ptr=0 Size=1610612736 Hit Handle=0x556cbf5ed290
[12:48:32.501] [DBG] [DRV_MAP] Ptr=0x900000000 Size=1610612736 Handle=0x556cbf5ed290
[12:48:32.501] [INF] [ALLOC] Ptr=0x900000000 Size=1610612736 PA=1610612736 Frags=1
[12:48:32.502] [DBG] [ALLOC_START] Ptr=0x960000000 Size=3221225472 Retry=0
[12:48:32.502] [DBG] [POOL_POP] Ptr=0 Size=3221225472 Hit Handle=0x556cc012ec20
[12:48:32.510] [DBG] [DRV_MAP] Ptr=0x960000000 Size=3221225472 Handle=0x556cc012ec20
[12:48:32.511] [INF] [ALLOC] Ptr=0x960000000 Size=3221225472 PA=3221225472 Frags=1
[12:48:32.511] [DBG] [DRV_UNMAP] Ptr=0x960000000 Size=3221225472
[12:48:32.512] [DBG] [POOL_PUSH] Ptr=0 Size=3221225472 Handle=0x556cc012ec20
[12:48:32.516] [DBG] [DRV_MAP] Ptr=0x960000000 Size=1610612736 Handle=0x556cbf5ed290
[12:48:32.524] [DBG] [DRV_CREATE_PA] Ptr=0 Size=1610612736 Handle=0x556cc013c160
[12:48:32.536] [DBG] [DRV_MAP] Ptr=0x9c0000000 Size=1610612736 Handle=0x556cc013c160
[12:48:32.536] [DBG] [DRV_UNMAP] Ptr=0x900000000 Size=1610612736
[12:48:32.537] [INF] [REMAP] Ptr=0x960000000 Size=1610612736 OPTIMIZED! Zero-Copy
[12:48:32.537] [INF] [FREE] Ptr=0x900000000 Size=0 VMM
[12:48:32.537] [INF] [FREE] Ptr=0x960000000 Size=3221225472 VMM
[12:48:32.538] [DBG] [DRV_UNMAP] Ptr=0x960000000 Size=3221225472
[12:48:32.538] [DBG] [POOL_PUSH] Ptr=0 Size=1610612736 Handle=0x556cbf5ed290
[12:48:32.538] [DBG] [POOL_PUSH] Ptr=0 Size=1610612736 Handle=0x556cc013c160
[12:48:32.538] [DBG] [ALLOC_START] Ptr=0x900000000 Size=1610612736 Retry=0
[12:48:32.538] [DBG] [POOL_POP] Ptr=0 Size=1610612736 Hit Handle=0x556cbf5ed290
[12:48:32.542] [DBG] [DRV_MAP] Ptr=0x900000000 Size=1610612736 Handle=0x556cbf5ed290
[12:48:32.542] [INF] [ALLOC] Ptr=0x900000000 Size=1610612736 PA=1610612736 Frags=1
[12:48:32.542] [DBG] [ALLOC_START] Ptr=0x960000000 Size=3221225472 Retry=0
[12:48:32.542] [DBG] [POOL_POP] Ptr=0 Size=3221225472 Hit Handle=0x556cc012ec20
[12:48:32.549] [DBG] [DRV_MAP] Ptr=0x960000000 Size=3221225472 Handle=0x556cc012ec20
[12:48:32.549] [INF] [ALLOC] Ptr=0x960000000 Size=3221225472 PA=3221225472 Frags=1
[12:48:32.549] [DBG] [DRV_UNMAP] Ptr=0x960000000 Size=3221225472
[12:48:32.550] [DBG] [POOL_PUSH] Ptr=0 Size=3221225472 Handle=0x556cc012ec20
[12:48:32.554] [DBG] [DRV_MAP] Ptr=0x960000000 Size=1610612736 Handle=0x556cbf5ed290
[12:48:32.555] [DBG] [POOL_POP] Ptr=0 Size=1610612736 Hit Handle=0x556cc013c160
[12:48:32.559] [DBG] [DRV_MAP] Ptr=0x9c0000000 Size=1610612736 Handle=0x556cc013c160
[12:48:32.559] [DBG] [DRV_UNMAP] Ptr=0x900000000 Size=1610612736
[12:48:32.560] [INF] [REMAP] Ptr=0x960000000 Size=1610612736 OPTIMIZED! Zero-Copy
[12:48:32.560] [INF] [FREE] Ptr=0x900000000 Size=0 VMM
[12:48:32.561] [INF] [FREE] Ptr=0x960000000 Size=3221225472 VMM
[12:48:32.561] [DBG] [DRV_UNMAP] Ptr=0x960000000 Size=3221225472
[12:48:32.561] [DBG] [POOL_PUSH] Ptr=0 Size=1610612736 Handle=0x556cbf5ed290
[12:48:32.562] [DBG] [POOL_PUSH] Ptr=0 Size=1610612736 Handle=0x556cc013c160
[12:48:32.562] [DBG] [ALLOC_START] Ptr=0x900000000 Size=1610612736 Retry=0
[12:48:32.562] [DBG] [POOL_POP] Ptr=0 Size=1610612736 Hit Handle=0x556cbf5ed290
[12:48:32.567] [DBG] [DRV_MAP] Ptr=0x900000000 Size=1610612736 Handle=0x556cbf5ed290
[12:48:32.567] [INF] [ALLOC] Ptr=0x900000000 Size=1610612736 PA=1610612736 Frags=1
[12:48:32.567] [DBG] [ALLOC_START] Ptr=0x960000000 Size=3221225472 Retry=0
[12:48:32.567] [DBG] [POOL_POP] Ptr=0 Size=3221225472 Hit Handle=0x556cc012ec20
[12:48:32.575] [DBG] [DRV_MAP] Ptr=0x960000000 Size=3221225472 Handle=0x556cc012ec20
[12:48:32.576] [INF] [ALLOC] Ptr=0x960000000 Size=3221225472 PA=3221225472 Frags=1
[12:48:32.576] [DBG] [DRV_UNMAP] Ptr=0x960000000 Size=3221225472
[12:48:32.576] [DBG] [POOL_PUSH] Ptr=0 Size=3221225472 Handle=0x556cc012ec20
[12:48:32.580] [DBG] [DRV_MAP] Ptr=0x960000000 Size=1610612736 Handle=0x556cbf5ed290
[12:48:32.581] [DBG] [POOL_POP] Ptr=0 Size=1610612736 Hit Handle=0x556cc013c160
[12:48:32.585] [DBG] [DRV_MAP] Ptr=0x9c0000000 Size=1610612736 Handle=0x556cc013c160
[12:48:32.585] [DBG] [DRV_UNMAP] Ptr=0x900000000 Size=1610612736
[12:48:32.585] [INF] [REMAP] Ptr=0x960000000 Size=1610612736 OPTIMIZED! Zero-Copy
[12:48:32.585] [INF] [FREE] Ptr=0x900000000 Size=0 VMM
[12:48:32.586] [INF] [FREE] Ptr=0x960000000 Size=3221225472 VMM
[12:48:32.586] [DBG] [DRV_UNMAP] Ptr=0x960000000 Size=3221225472
[12:48:32.586] [DBG] [POOL_PUSH] Ptr=0 Size=1610612736 Handle=0x556cbf5ed290
[12:48:32.587] [DBG] [POOL_PUSH] Ptr=0 Size=1610612736 Handle=0x556cc013c160
[12:48:32.587] [DBG] [ALLOC_START] Ptr=0x900000000 Size=1610612736 Retry=0
[12:48:32.587] [DBG] [POOL_POP] Ptr=0 Size=1610612736 Hit Handle=0x556cbf5ed290
[12:48:32.591] [DBG] [DRV_MAP] Ptr=0x900000000 Size=1610612736 Handle=0x556cbf5ed290
[12:48:32.591] [INF] [ALLOC] Ptr=0x900000000 Size=1610612736 PA=1610612736 Frags=1
[12:48:32.591] [DBG] [ALLOC_START] Ptr=0x960000000 Size=3221225472 Retry=0
[12:48:32.592] [DBG] [POOL_POP] Ptr=0 Size=3221225472 Hit Handle=0x556cc012ec20
[12:48:32.600] [DBG] [DRV_MAP] Ptr=0x960000000 Size=3221225472 Handle=0x556cc012ec20
[12:48:32.600] [INF] [ALLOC] Ptr=0x960000000 Size=3221225472 PA=3221225472 Frags=1
[12:48:32.601] [DBG] [DRV_UNMAP] Ptr=0x960000000 Size=3221225472
[12:48:32.601] [DBG] [POOL_PUSH] Ptr=0 Size=3221225472 Handle=0x556cc012ec20
[12:48:32.605] [DBG] [DRV_MAP] Ptr=0x960000000 Size=1610612736 Handle=0x556cbf5ed290
[12:48:32.605] [DBG] [POOL_POP] Ptr=0 Size=1610612736 Hit Handle=0x556cc013c160
[12:48:32.609] [DBG] [DRV_MAP] Ptr=0x9c0000000 Size=1610612736 Handle=0x556cc013c160
[12:48:32.610] [DBG] [DRV_UNMAP] Ptr=0x900000000 Size=1610612736
[12:48:32.610] [INF] [REMAP] Ptr=0x960000000 Size=1610612736 OPTIMIZED! Zero-Copy
[12:48:32.610] [INF] [FREE] Ptr=0x900000000 Size=0 VMM
[12:48:32.611] [INF] [FREE] Ptr=0x960000000 Size=3221225472 VMM
[12:48:32.611] [DBG] [DRV_UNMAP] Ptr=0x960000000 Size=3221225472
[12:48:32.612] [DBG] [POOL_PUSH] Ptr=0 Size=1610612736 Handle=0x556cbf5ed290
[12:48:32.612] [DBG] [POOL_PUSH] Ptr=0 Size=1610612736 Handle=0x556cc013c160
[12:48:32.612] [DBG] [ALLOC_START] Ptr=0x900000000 Size=1610612736 Retry=0
[12:48:32.612] [DBG] [POOL_POP] Ptr=0 Size=1610612736 Hit Handle=0x556cbf5ed290
[12:48:32.616] [DBG] [DRV_MAP] Ptr=0x900000000 Size=1610612736 Handle=0x556cbf5ed290
[12:48:32.616] [INF] [ALLOC] Ptr=0x900000000 Size=1610612736 PA=1610612736 Frags=1
[12:48:32.617] [DBG] [ALLOC_START] Ptr=0x960000000 Size=3221225472 Retry=0
[12:48:32.617] [DBG] [POOL_POP] Ptr=0 Size=3221225472 Hit Handle=0x556cc012ec20
[12:48:32.625] [DBG] [DRV_MAP] Ptr=0x960000000 Size=3221225472 Handle=0x556cc012ec20
[12:48:32.625] [INF] [ALLOC] Ptr=0x960000000 Size=3221225472 PA=3221225472 Frags=1
[12:48:32.625] [DBG] [DRV_UNMAP] Ptr=0x960000000 Size=3221225472
[12:48:32.626] [DBG] [POOL_PUSH] Ptr=0 Size=3221225472 Handle=0x556cc012ec20
[12:48:32.630] [DBG] [DRV_MAP] Ptr=0x960000000 Size=1610612736 Handle=0x556cbf5ed290
[12:48:32.630] [DBG] [POOL_POP] Ptr=0 Size=1610612736 Hit Handle=0x556cc013c160
[12:48:32.634] [DBG] [DRV_MAP] Ptr=0x9c0000000 Size=1610612736 Handle=0x556cc013c160
[12:48:32.635] [DBG] [DRV_UNMAP] Ptr=0x900000000 Size=1610612736
[12:48:32.635] [INF] [REMAP] Ptr=0x960000000 Size=1610612736 OPTIMIZED! Zero-Copy
[12:48:32.635] [INF] [FREE] Ptr=0x900000000 Size=0 VMM
[12:48:32.635] [INF] [FREE] Ptr=0x960000000 Size=3221225472 VMM
[12:48:32.636] [DBG] [DRV_UNMAP] Ptr=0x960000000 Size=3221225472
[12:48:32.636] [DBG] [POOL_PUSH] Ptr=0 Size=1610612736 Handle=0x556cbf5ed290
[12:48:32.636] [DBG] [POOL_PUSH] Ptr=0 Size=1610612736 Handle=0x556cc013c160
[12:48:32.636] [DBG] [ALLOC_START] Ptr=0x900000000 Size=1610612736 Retry=0
[12:48:32.637] [DBG] [POOL_POP] Ptr=0 Size=1610612736 Hit Handle=0x556cbf5ed290
[12:48:32.641] [DBG] [DRV_MAP] Ptr=0x900000000 Size=1610612736 Handle=0x556cbf5ed290
[12:48:32.641] [INF] [ALLOC] Ptr=0x900000000 Size=1610612736 PA=1610612736 Frags=1
[12:48:32.641] [DBG] [ALLOC_START] Ptr=0x960000000 Size=3221225472 Retry=0
[12:48:32.641] [DBG] [POOL_POP] Ptr=0 Size=3221225472 Hit Handle=0x556cc012ec20
[12:48:32.651] [DBG] [DRV_MAP] Ptr=0x960000000 Size=3221225472 Handle=0x556cc012ec20
[12:48:32.651] [INF] [ALLOC] Ptr=0x960000000 Size=3221225472 PA=3221225472 Frags=1
[12:48:32.652] [DBG] [DRV_UNMAP] Ptr=0x960000000 Size=3221225472
[12:48:32.652] [DBG] [POOL_PUSH] Ptr=0 Size=3221225472 Handle=0x556cc012ec20
[12:48:32.656] [DBG] [DRV_MAP] Ptr=0x960000000 Size=1610612736 Handle=0x556cbf5ed290
[12:48:32.656] [DBG] [POOL_POP] Ptr=0 Size=1610612736 Hit Handle=0x556cc013c160
[12:48:32.660] [DBG] [DRV_MAP] Ptr=0x9c0000000 Size=1610612736 Handle=0x556cc013c160
[12:48:32.660] [DBG] [DRV_UNMAP] Ptr=0x900000000 Size=1610612736
[12:48:32.661] [INF] [REMAP] Ptr=0x960000000 Size=1610612736 OPTIMIZED! Zero-Copy
[12:48:32.661] [INF] [FREE] Ptr=0x900000000 Size=0 VMM
[12:48:32.661] [INF] [FREE] Ptr=0x960000000 Size=3221225472 VMM
[12:48:32.662] [DBG] [DRV_UNMAP] Ptr=0x960000000 Size=3221225472
[12:48:32.663] [DBG] [POOL_PUSH] Ptr=0 Size=1610612736 Handle=0x556cbf5ed290
[12:48:32.663] [DBG] [POOL_PUSH] Ptr=0 Size=1610612736 Handle=0x556cc013c160
[12:48:32.663] [DBG] [ALLOC_START] Ptr=0x900000000 Size=1610612736 Retry=0
[12:48:32.663] [DBG] [POOL_POP] Ptr=0 Size=1610612736 Hit Handle=0x556cbf5ed290
[12:48:32.667] [DBG] [DRV_MAP] Ptr=0x900000000 Size=1610612736 Handle=0x556cbf5ed290
[12:48:32.668] [INF] [ALLOC] Ptr=0x900000000 Size=1610612736 PA=1610612736 Frags=1
[12:48:32.668] [DBG] [ALLOC_START] Ptr=0x960000000 Size=3221225472 Retry=0
[12:48:32.668] [DBG] [POOL_POP] Ptr=0 Size=3221225472 Hit Handle=0x556cc012ec20
[12:48:32.676] [DBG] [DRV_MAP] Ptr=0x960000000 Size=3221225472 Handle=0x556cc012ec20
[12:48:32.676] [INF] [ALLOC] Ptr=0x960000000 Size=3221225472 PA=3221225472 Frags=1
[12:48:32.677] [DBG] [DRV_UNMAP] Ptr=0x960000000 Size=3221225472
[12:48:32.677] [DBG] [POOL_PUSH] Ptr=0 Size=3221225472 Handle=0x556cc012ec20
[12:48:32.680] [DBG] [DRV_MAP] Ptr=0x960000000 Size=1610612736 Handle=0x556cbf5ed290
[12:48:32.681] [DBG] [POOL_POP] Ptr=0 Size=1610612736 Hit Handle=0x556cc013c160
[12:48:32.684] [DBG] [DRV_MAP] Ptr=0x9c0000000 Size=1610612736 Handle=0x556cc013c160
[12:48:32.685] [DBG] [DRV_UNMAP] Ptr=0x900000000 Size=1610612736
[12:48:32.685] [INF] [REMAP] Ptr=0x960000000 Size=1610612736 OPTIMIZED! Zero-Copy
[12:48:32.685] [INF] [FREE] Ptr=0x900000000 Size=0 VMM
[12:48:32.686] [INF] [FREE] Ptr=0x960000000 Size=3221225472 VMM
[12:48:32.686] [DBG] [DRV_UNMAP] Ptr=0x960000000 Size=3221225472
[12:48:32.686] [DBG] [POOL_PUSH] Ptr=0 Size=1610612736 Handle=0x556cbf5ed290
[12:48:32.687] [DBG] [POOL_PUSH] Ptr=0 Size=1610612736 Handle=0x556cc013c160
[12:48:32.687] [DBG] [ALLOC_START] Ptr=0x900000000 Size=1610612736 Retry=0
[12:48:32.687] [DBG] [POOL_POP] Ptr=0 Size=1610612736 Hit Handle=0x556cbf5ed290
[12:48:32.691] [DBG] [DRV_MAP] Ptr=0x900000000 Size=1610612736 Handle=0x556cbf5ed290
[12:48:32.691] [INF] [ALLOC] Ptr=0x900000000 Size=1610612736 PA=1610612736 Frags=1
[12:48:32.692] [DBG] [ALLOC_START] Ptr=0x960000000 Size=3221225472 Retry=0
[12:48:32.692] [DBG] [POOL_POP] Ptr=0 Size=3221225472 Hit Handle=0x556cc012ec20
[12:48:32.699] [DBG] [DRV_MAP] Ptr=0x960000000 Size=3221225472 Handle=0x556cc012ec20
[12:48:32.700] [INF] [ALLOC] Ptr=0x960000000 Size=3221225472 PA=3221225472 Frags=1
[12:48:32.700] [DBG] [DRV_UNMAP] Ptr=0x960000000 Size=3221225472
[12:48:32.700] [DBG] [POOL_PUSH] Ptr=0 Size=3221225472 Handle=0x556cc012ec20
[12:48:32.705] [DBG] [DRV_MAP] Ptr=0x960000000 Size=1610612736 Handle=0x556cbf5ed290
[12:48:32.705] [DBG] [POOL_POP] Ptr=0 Size=1610612736 Hit Handle=0x556cc013c160
[12:48:32.709] [DBG] [DRV_MAP] Ptr=0x9c0000000 Size=1610612736 Handle=0x556cc013c160
[12:48:32.710] [DBG] [DRV_UNMAP] Ptr=0x900000000 Size=1610612736
[12:48:32.710] [INF] [REMAP] Ptr=0x960000000 Size=1610612736 OPTIMIZED! Zero-Copy
[12:48:32.710] [INF] [FREE] Ptr=0x900000000 Size=0 VMM
[12:48:32.710] [INF] [FREE] Ptr=0x960000000 Size=3221225472 VMM
[12:48:32.711] [DBG] [DRV_UNMAP] Ptr=0x960000000 Size=3221225472
[12:48:32.711] [DBG] [POOL_PUSH] Ptr=0 Size=1610612736 Handle=0x556cbf5ed290
[12:48:32.711] [DBG] [POOL_PUSH] Ptr=0 Size=1610612736 Handle=0x556cc013c160
[12:48:32.711] [DBG] [ALLOC_START] Ptr=0x900000000 Size=1610612736 Retry=0
[12:48:32.712] [DBG] [POOL_POP] Ptr=0 Size=1610612736 Hit Handle=0x556cbf5ed290
[12:48:32.716] [DBG] [DRV_MAP] Ptr=0x900000000 Size=1610612736 Handle=0x556cbf5ed290
[12:48:32.716] [INF] [ALLOC] Ptr=0x900000000 Size=1610612736 PA=1610612736 Frags=1
[12:48:32.716] [DBG] [ALLOC_START] Ptr=0x960000000 Size=3221225472 Retry=0
[12:48:32.716] [DBG] [POOL_POP] Ptr=0 Size=3221225472 Hit Handle=0x556cc012ec20
[12:48:32.725] [DBG] [DRV_MAP] Ptr=0x960000000 Size=3221225472 Handle=0x556cc012ec20
[12:48:32.725] [INF] [ALLOC] Ptr=0x960000000 Size=3221225472 PA=3221225472 Frags=1
[12:48:32.725] [DBG] [DRV_UNMAP] Ptr=0x960000000 Size=3221225472
[12:48:32.726] [DBG] [POOL_PUSH] Ptr=0 Size=3221225472 Handle=0x556cc012ec20
[12:48:32.730] [DBG] [DRV_MAP] Ptr=0x960000000 Size=1610612736 Handle=0x556cbf5ed290
[12:48:32.731] [DBG] [POOL_POP] Ptr=0 Size=1610612736 Hit Handle=0x556cc013c160
[12:48:32.735] [DBG] [DRV_MAP] Ptr=0x9c0000000 Size=1610612736 Handle=0x556cc013c160
[12:48:32.736] [DBG] [DRV_UNMAP] Ptr=0x900000000 Size=1610612736
[12:48:32.736] [INF] [REMAP] Ptr=0x960000000 Size=1610612736 OPTIMIZED! Zero-Copy
[12:48:32.736] [INF] [FREE] Ptr=0x900000000 Size=0 VMM
[12:48:32.736] [INF] [FREE] Ptr=0x960000000 Size=3221225472 VMM
[12:48:32.737] [DBG] [DRV_UNMAP] Ptr=0x960000000 Size=3221225472
[12:48:32.737] [DBG] [POOL_PUSH] Ptr=0 Size=1610612736 Handle=0x556cbf5ed290
[12:48:32.737] [DBG] [POOL_PUSH] Ptr=0 Size=1610612736 Handle=0x556cc013c160
